   1              		.cpu cortex-m0plus
   2              		.fpu softvfp
   3              		.eabi_attribute 20, 1
   4              		.eabi_attribute 21, 1
   5              		.eabi_attribute 23, 3
   6              		.eabi_attribute 24, 1
   7              		.eabi_attribute 25, 1
   8              		.eabi_attribute 26, 1
   9              		.eabi_attribute 30, 4
  10              		.eabi_attribute 34, 0
  11              		.eabi_attribute 18, 4
  12              		.code	16
  13              		.file	"board_startup.c"
  14              		.section	.text.NMI_Handler,"ax",%progbits
  15              		.align	1
  16              		.global	NMI_Handler
  17              		.code	16
  18              		.thumb_func
  20              	NMI_Handler:
  21              	@ 133 "board_startup.c" 1
  22 0000 0EBE     		bkpt 14
  23              	@ 0 "" 2
  24              		.code	16
  25              	.L2:
  26 0002 FEE7     		b	.L2
  28              		.section	.text.HardFault_Handler,"ax",%progbits
  29              		.align	1
  30              		.global	HardFault_Handler
  31              		.code	16
  32              		.thumb_func
  34              	HardFault_Handler:
  35              	@ 139 "board_startup.c" 1
  36 0000 0DBE     		bkpt 13
  37              	@ 0 "" 2
  38              		.code	16
  39              	.L5:
  40 0002 FEE7     		b	.L5
  42              		.section	.text.SVC_Handler,"ax",%progbits
  43              		.align	1
  44              		.global	SVC_Handler
  45              		.code	16
  46              		.thumb_func
  48              	SVC_Handler:
  49              	@ 145 "board_startup.c" 1
  50 0000 05BE     		bkpt 5
  51              	@ 0 "" 2
  52              		.code	16
  53              	.L7:
  54 0002 FEE7     		b	.L7
  56              		.section	.text.PendSV_Handler,"ax",%progbits
  57              		.align	1
  58              		.global	PendSV_Handler
  59              		.code	16
  60              		.thumb_func
  62              	PendSV_Handler:
  63              	@ 151 "board_startup.c" 1
  64 0000 02BE     		bkpt 2
  65              	@ 0 "" 2
  66              		.code	16
  67              	.L9:
  68 0002 FEE7     		b	.L9
  70              		.section	.text.Reset_Handler,"ax",%progbits
  71              		.align	1
  72              		.global	Reset_Handler
  73              		.code	16
  74              		.thumb_func
  76              	Reset_Handler:
  77 0000 1D4A     		ldr	r2, .L20
  78 0002 1E48     		ldr	r0, .L20+4
  79 0004 70B5     		push	{r4, r5, r6, lr}
  80 0006 8242     		cmp	r2, r0
  81 0008 04D1     		bne	.L11
  82              	.L14:
  83 000a 1D4A     		ldr	r2, .L20+8
  84 000c 1D4B     		ldr	r3, .L20+12
  85 000e 9342     		cmp	r3, r2
  86 0010 2CD1     		bne	.L18
  87 0012 0AE0     		b	.L13
  88              	.L11:
  89 0014 1C4C     		ldr	r4, .L20+16
  90 0016 9442     		cmp	r4, r2
  91 0018 F7D0     		beq	.L14
  92 001a 0023     		mov	r3, #0
  93              	.L15:
  94 001c D118     		add	r1, r2, r3
  95 001e 8842     		cmp	r0, r1
  96 0020 F3D9     		bls	.L14
  97 0022 E558     		ldr	r5, [r4, r3]
  98 0024 0433     		add	r3, r3, #4
  99 0026 0D60     		str	r5, [r1]
 100 0028 F8E7     		b	.L15
 101              	.L13:
 102 002a 184B     		ldr	r3, .L20+20
 103 002c 0222     		mov	r2, #2
 104 002e 5A62     		str	r2, [r3, #36]
 105 0030 174B     		ldr	r3, .L20+24
 106 0032 0321     		mov	r1, #3
 107 0034 D878     		ldrb	r0, [r3, #3]
 108 0036 0C24     		mov	r4, #12
 109 0038 8843     		bic	r0, r1
 110 003a 1043     		orr	r0, r2
 111 003c D870     		strb	r0, [r3, #3]
 112 003e DD78     		ldrb	r5, [r3, #3]
 113 0040 0820     		mov	r0, #8
 114 0042 A543     		bic	r5, r4
 115 0044 0543     		orr	r5, r0
 116 0046 DD70     		strb	r5, [r3, #3]
 117 0048 124B     		ldr	r3, .L20+28
 118 004a 3026     		mov	r6, #48
 119 004c 9D7B     		ldrb	r5, [r3, #14]
 120 004e B543     		bic	r5, r6
 121 0050 2026     		mov	r6, #32
 122 0052 3543     		orr	r5, r6
 123 0054 9D73     		strb	r5, [r3, #14]
 124 0056 9D7B     		ldrb	r5, [r3, #14]
 125 0058 A543     		bic	r5, r4
 126 005a 2843     		orr	r0, r5
 127 005c 9873     		strb	r0, [r3, #14]
 128 005e 987B     		ldrb	r0, [r3, #14]
 129 0060 8843     		bic	r0, r1
 130 0062 0243     		orr	r2, r0
 131 0064 9A73     		strb	r2, [r3, #14]
 132 0066 FFF7FEFF 		bl	main
 133 006a 04E0     		b	.L17
 134              	.L18:
 135 006c 9342     		cmp	r3, r2
 136 006e DCD2     		bcs	.L13
 137 0070 0021     		mov	r1, #0
 138 0072 02C3     		stmia	r3!, {r1}
 139 0074 FAE7     		b	.L18
 140              	.L17:
 141 0076 FEE7     		b	.L17
 142              	.L21:
 143              		.align	2
 144              	.L20:
 145 0078 00000000 		.word	__data_start__
 146 007c 00000000 		.word	__data_end__
 147 0080 00000000 		.word	__bss_end__
 148 0084 00000000 		.word	__bss_start__
 149 0088 00000000 		.word	__etext
 150 008c FC700041 		.word	1090547964
 151 0090 00500041 		.word	1090539520
 152 0094 00480041 		.word	1090537472
 154              		.global	exception_table
 155              		.section	.isr_vector,"a",%progbits
 156              		.align	2
 159              	exception_table:
 160 0000 00000000 		.word	__StackTop
 161 0004 00000000 		.word	Reset_Handler
 162 0008 00000000 		.word	NMI_Handler
 163 000c 00000000 		.word	HardFault_Handler
 164 0010 00000000 		.word	0
 165 0014 00000000 		.word	0
 166 0018 00000000 		.word	0
 167 001c 00000000 		.word	0
 168 0020 00000000 		.word	0
 169 0024 00000000 		.word	0
 170 0028 00000000 		.word	0
 171 002c 00000000 		.word	SVC_Handler
 172 0030 00000000 		.word	0
 173 0034 00000000 		.word	0
 174 0038 00000000 		.word	PendSV_Handler
 175 003c 00000000 		.word	SysTick_Handler
 176              		.ident	"GCC: (GNU Tools for ARM Embedded Processors) 4.8.3 20140228 (release) [ARM/embedded-4_8-br
DEFINED SYMBOLS
                            *ABS*:00000000 board_startup.c
C:\cygwin\tmp\ccIi9kPH.s:15     .text.NMI_Handler:00000000 $t
C:\cygwin\tmp\ccIi9kPH.s:20     .text.NMI_Handler:00000000 NMI_Handler
C:\cygwin\tmp\ccIi9kPH.s:29     .text.HardFault_Handler:00000000 $t
C:\cygwin\tmp\ccIi9kPH.s:34     .text.HardFault_Handler:00000000 HardFault_Handler
C:\cygwin\tmp\ccIi9kPH.s:43     .text.SVC_Handler:00000000 $t
C:\cygwin\tmp\ccIi9kPH.s:48     .text.SVC_Handler:00000000 SVC_Handler
C:\cygwin\tmp\ccIi9kPH.s:57     .text.PendSV_Handler:00000000 $t
C:\cygwin\tmp\ccIi9kPH.s:62     .text.PendSV_Handler:00000000 PendSV_Handler
C:\cygwin\tmp\ccIi9kPH.s:71     .text.Reset_Handler:00000000 $t
C:\cygwin\tmp\ccIi9kPH.s:76     .text.Reset_Handler:00000000 Reset_Handler
C:\cygwin\tmp\ccIi9kPH.s:145    .text.Reset_Handler:00000078 $d
C:\cygwin\tmp\ccIi9kPH.s:159    .isr_vector:00000000 exception_table
C:\cygwin\tmp\ccIi9kPH.s:156    .isr_vector:00000000 $d

UNDEFINED SYMBOLS
main
__data_start__
__data_end__
__bss_end__
__bss_start__
__etext
__StackTop
SysTick_Handler
