   1              		.cpu cortex-m0plus
   2              		.fpu softvfp
   3              		.eabi_attribute 20, 1
   4              		.eabi_attribute 21, 1
   5              		.eabi_attribute 23, 3
   6              		.eabi_attribute 24, 1
   7              		.eabi_attribute 25, 1
   8              		.eabi_attribute 26, 1
   9              		.eabi_attribute 30, 4
  10              		.eabi_attribute 34, 0
  11              		.eabi_attribute 18, 4
  12              		.code	16
  13              		.file	"board_driver_usb.c"
  14              		.section	.text.USB_IsConfigured,"ax",%progbits
  15              		.align	1
  16              		.global	USB_IsConfigured
  17              		.code	16
  18              		.thumb_func
  20              	USB_IsConfigured:
  21 0000 70B5     		push	{r4, r5, r6, lr}
  22 0002 0368     		ldr	r3, [r0]
  23 0004 041C     		mov	r4, r0
  24 0006 988B     		ldrh	r0, [r3, #28]
  25 0008 1A1C     		mov	r2, r3
  26 000a 0821     		mov	r1, #8
  27 000c FF32     		add	r2, r2, #255
  28 000e 0842     		tst	r0, r1
  29 0010 26D0     		beq	.L2
  30 0012 8020     		mov	r0, #128
  31 0014 9983     		strh	r1, [r3, #28]
  32 0016 9872     		strb	r0, [r3, #10]
  33 0018 1123     		mov	r3, #17
  34 001a 5370     		strb	r3, [r2, #1]
  35 001c 4021     		mov	r1, #64
  36 001e 144B     		ldr	r3, .L8
  37 0020 9171     		strb	r1, [r2, #6]
  38 0022 5071     		strb	r0, [r2, #5]
  39 0024 5E68     		ldr	r6, [r3, #4]
  40 0026 134D     		ldr	r5, .L8+4
  41 0028 C020     		mov	r0, #192
  42 002a 2E40     		and	r6, r5
  43 002c 8005     		lsl	r0, r0, #22
  44 002e 0643     		orr	r6, r0
  45 0030 5E60     		str	r6, [r3, #4]
  46 0032 5E69     		ldr	r6, [r3, #20]
  47 0034 3540     		and	r5, r6
  48 0036 2843     		orr	r0, r5
  49 0038 5861     		str	r0, [r3, #20]
  50 003a 0F48     		ldr	r0, .L8+8
  51 003c 1860     		str	r0, [r3]
  52 003e 0F48     		ldr	r0, .L8+12
  53 0040 1861     		str	r0, [r3, #16]
  54 0042 5D68     		ldr	r5, [r3, #4]
  55 0044 0E48     		ldr	r0, .L8+16
  56 0046 2840     		and	r0, r5
  57 0048 8025     		mov	r5, #128
  58 004a AD02     		lsl	r5, r5, #10
  59 004c 2843     		orr	r0, r5
  60 004e 5860     		str	r0, [r3, #4]
  61 0050 5868     		ldr	r0, [r3, #4]
  62 0052 800B     		lsr	r0, r0, #14
  63 0054 8003     		lsl	r0, r0, #14
  64 0056 5860     		str	r0, [r3, #4]
  65 0058 0023     		mov	r3, #0
  66 005a 5171     		strb	r1, [r2, #5]
  67 005c 2371     		strb	r3, [r4, #4]
  68 005e 05E0     		b	.L3
  69              	.L2:
  70 0060 137A     		ldrb	r3, [r2, #8]
  71 0062 DA06     		lsl	r2, r3, #27
  72 0064 02D5     		bpl	.L3
  73 0066 201C     		mov	r0, r4
  74 0068 FFF7FEFF 		bl	sam_ba_usb_CDC_Enumerate
  75              	.L3:
  76 006c 2079     		ldrb	r0, [r4, #4]
  77              		@ sp needed
  78 006e 70BD     		pop	{r4, r5, r6, pc}
  79              	.L9:
  80              		.align	2
  81              	.L8:
  82 0070 00000000 		.word	usb_endpoint_table
  83 0074 FFFFFF8F 		.word	-1879048193
  84 0078 00000000 		.word	udd_ep_out_cache_buffer
  85 007c 00000000 		.word	udd_ep_in_cache_buffer
  86 0080 FF3F00F0 		.word	-268419073
  88              		.section	.text.USB_Open,"ax",%progbits
  89              		.align	1
  90              		.global	USB_Open
  91              		.code	16
  92              		.thumb_func
  94              	USB_Open:
  95 0000 0023     		mov	r3, #0
  96 0002 0371     		strb	r3, [r0, #4]
  97 0004 4371     		strb	r3, [r0, #5]
  98 0006 044B     		ldr	r3, .L11
  99 0008 0160     		str	r1, [r0]
 100 000a 8360     		str	r3, [r0, #8]
 101 000c 0B78     		ldrb	r3, [r1]
 102 000e 0222     		mov	r2, #2
 103 0010 1343     		orr	r3, r2
 104 0012 0B70     		strb	r3, [r1]
 105              		@ sp needed
 106 0014 7047     		bx	lr
 107              	.L12:
 108 0016 C046     		.align	2
 109              	.L11:
 110 0018 00000000 		.word	USB_IsConfigured
 112              		.section	.text.USB_Init,"ax",%progbits
 113              		.align	1
 114              		.global	USB_Init
 115              		.code	16
 116              		.thumb_func
 118              	USB_Init:
 119 0000 10B5     		push	{r4, lr}
 120 0002 234B     		ldr	r3, .L22
 121 0004 2021     		mov	r1, #32
 122 0006 DA69     		ldr	r2, [r3, #28]
 123 0008 2248     		ldr	r0, .L22+4
 124 000a 0A43     		orr	r2, r1
 125 000c DA61     		str	r2, [r3, #28]
 126 000e FFF7FEFF 		bl	pinMux
 127 0012 2148     		ldr	r0, .L22+8
 128 0014 FFF7FEFF 		bl	pinMux
 129 0018 204A     		ldr	r2, .L22+12
 130 001a 214B     		ldr	r3, .L22+16
 131 001c 5A80     		strh	r2, [r3, #2]
 132 001e FFF7FEFF 		bl	waitForSync
 133 0022 204B     		ldr	r3, .L22+20
 134 0024 0121     		mov	r1, #1
 135 0026 1A78     		ldrb	r2, [r3]
 136 0028 0A43     		orr	r2, r1
 137 002a 1A70     		strb	r2, [r3]
 138              	.L15:
 139 002c 9A78     		ldrb	r2, [r3, #2]
 140 002e D107     		lsl	r1, r2, #31
 141 0030 FCD4     		bmi	.L15
 142 0032 1D4A     		ldr	r2, .L22+24
 143 0034 1F21     		mov	r1, #31
 144 0036 1268     		ldr	r2, [r2]
 145 0038 500B     		lsr	r0, r2, #13
 146 003a 0840     		and	r0, r1
 147 003c 8842     		cmp	r0, r1
 148 003e 00D1     		bne	.L16
 149 0040 0520     		mov	r0, #5
 150              	.L16:
 151 0042 940C     		lsr	r4, r2, #18
 152 0044 2140     		and	r1, r4
 153 0046 1F29     		cmp	r1, #31
 154 0048 00D1     		bne	.L17
 155 004a 1D21     		mov	r1, #29
 156              	.L17:
 157 004c 9201     		lsl	r2, r2, #6
 158 004e 520F     		lsr	r2, r2, #29
 159 0050 072A     		cmp	r2, #7
 160 0052 00D1     		bne	.L18
 161 0054 0322     		mov	r2, #3
 162              	.L18:
 163 0056 8001     		lsl	r0, r0, #6
 164 0058 0143     		orr	r1, r0
 165 005a 1203     		lsl	r2, r2, #12
 166 005c 1143     		orr	r1, r2
 167 005e 1985     		strh	r1, [r3, #40]
 168 0060 1978     		ldrb	r1, [r3]
 169 0062 7F22     		mov	r2, #127
 170 0064 0A40     		and	r2, r1
 171 0066 1A70     		strb	r2, [r3]
 172 0068 1A78     		ldrb	r2, [r3]
 173 006a 0421     		mov	r1, #4
 174 006c 0F48     		ldr	r0, .L22+28
 175 006e 0A43     		orr	r2, r1
 176 0070 1A70     		strb	r2, [r3]
 177 0072 5862     		str	r0, [r3, #36]
 178 0074 1A89     		ldrh	r2, [r3, #8]
 179 0076 0C21     		mov	r1, #12
 180 0078 8A43     		bic	r2, r1
 181 007a 1A81     		strh	r2, [r3, #8]
 182 007c 1A89     		ldrh	r2, [r3, #8]
 183 007e 0121     		mov	r1, #1
 184 0080 8A43     		bic	r2, r1
 185 0082 1A81     		strh	r2, [r3, #8]
 186 0084 0021     		mov	r1, #0
 187 0086 8022     		mov	r2, #128
 188 0088 FFF7FEFF 		bl	memset
 189              		@ sp needed
 190 008c 10BD     		pop	{r4, pc}
 191              	.L23:
 192 008e C046     		.align	2
 193              	.L22:
 194 0090 00040040 		.word	1073742848
 195 0094 06001800 		.word	1572870
 196 0098 06001900 		.word	1638406
 197 009c 06400000 		.word	16390
 198 00a0 000C0040 		.word	1073744896
 199 00a4 00500041 		.word	1090539520
 200 00a8 24608000 		.word	8413220
 201 00ac 00000000 		.word	usb_endpoint_table
 203              		.section	.text.USB_Write,"ax",%progbits
 204              		.align	1
 205              		.global	USB_Write
 206              		.code	16
 207              		.thumb_func
 209              	USB_Write:
 210 0000 F7B5     		push	{r0, r1, r2, r4, r5, r6, r7, lr}
 211 0002 141C     		mov	r4, r2
 212 0004 1F4A     		ldr	r2, .L29
 213 0006 5F01     		lsl	r7, r3, #5
 214 0008 0197     		str	r7, [sp, #4]
 215 000a 1D1C     		mov	r5, r3
 216 000c D319     		add	r3, r2, r7
 217 000e 061C     		mov	r6, r0
 218 0010 5869     		ldr	r0, [r3, #20]
 219 0012 271C     		mov	r7, r4
 220 0014 4000     		lsl	r0, r0, #1
 221 0016 400F     		lsr	r0, r0, #29
 222 0018 0330     		add	r0, r0, #3
 223 001a 1033     		add	r3, r3, #16
 224 001c C740     		lsr	r7, r7, r0
 225 001e 06D0     		beq	.L25
 226 0020 0F1C     		mov	r7, r1
 227 0022 8022     		mov	r2, #128
 228 0024 5968     		ldr	r1, [r3, #4]
 229 0026 1206     		lsl	r2, r2, #24
 230 0028 0A43     		orr	r2, r1
 231 002a 5A60     		str	r2, [r3, #4]
 232 002c 09E0     		b	.L26
 233              	.L25:
 234 002e 2F1C     		mov	r7, r5
 235 0030 7B1E     		sub	r3, r7, #1
 236 0032 9F41     		sbc	r7, r7, r3
 237 0034 144B     		ldr	r3, .L29+4
 238 0036 BF01     		lsl	r7, r7, #6
 239 0038 FF18     		add	r7, r7, r3
 240 003a 381C     		mov	r0, r7
 241 003c 221C     		mov	r2, r4
 242 003e FFF7FEFF 		bl	memcpy
 243              	.L26:
 244 0042 0199     		ldr	r1, [sp, #4]
 245 0044 0F48     		ldr	r0, .L29
 246 0046 0835     		add	r5, r5, #8
 247 0048 4218     		add	r2, r0, r1
 248 004a 1761     		str	r7, [r2, #16]
 249 004c 131C     		mov	r3, r2
 250 004e 5269     		ldr	r2, [r2, #20]
 251 0050 A104     		lsl	r1, r4, #18
 252 0052 920B     		lsr	r2, r2, #14
 253 0054 890C     		lsr	r1, r1, #18
 254 0056 9203     		lsl	r2, r2, #14
 255 0058 0A43     		orr	r2, r1
 256 005a 5A61     		str	r2, [r3, #20]
 257 005c 5969     		ldr	r1, [r3, #20]
 258 005e 0B4A     		ldr	r2, .L29+8
 259 0060 0A40     		and	r2, r1
 260 0062 5A61     		str	r2, [r3, #20]
 261 0064 6B01     		lsl	r3, r5, #5
 262 0066 F318     		add	r3, r6, r3
 263 0068 0222     		mov	r2, #2
 264 006a DA71     		strb	r2, [r3, #7]
 265 006c 5979     		ldrb	r1, [r3, #5]
 266 006e 8022     		mov	r2, #128
 267 0070 5242     		neg	r2, r2
 268 0072 0A43     		orr	r2, r1
 269 0074 5A71     		strb	r2, [r3, #5]
 270              	.L28:
 271 0076 6B01     		lsl	r3, r5, #5
 272 0078 F318     		add	r3, r6, r3
 273 007a DB79     		ldrb	r3, [r3, #7]
 274 007c 9A07     		lsl	r2, r3, #30
 275 007e FAD5     		bpl	.L28
 276 0080 201C     		mov	r0, r4
 277              		@ sp needed
 278 0082 FEBD     		pop	{r1, r2, r3, r4, r5, r6, r7, pc}
 279              	.L30:
 280              		.align	2
 281              	.L29:
 282 0084 00000000 		.word	usb_endpoint_table
 283 0088 00000000 		.word	udd_ep_in_cache_buffer
 284 008c FF3F00F0 		.word	-268419073
 286              		.section	.text.USB_Read,"ax",%progbits
 287              		.align	1
 288              		.global	USB_Read
 289              		.code	16
 290              		.thumb_func
 292              	USB_Read:
 293 0000 F8B5     		push	{r3, r4, r5, r6, r7, lr}
 294 0002 1A4E     		ldr	r6, .L36
 295 0004 051C     		mov	r5, r0
 296 0006 3378     		ldrb	r3, [r6]
 297 0008 141C     		mov	r4, r2
 298 000a 002B     		cmp	r3, #0
 299 000c 12D1     		bne	.L32
 300 000e 184B     		ldr	r3, .L36+4
 301 0010 184A     		ldr	r2, .L36+8
 302 0012 1A64     		str	r2, [r3, #64]
 303 0014 5A6C     		ldr	r2, [r3, #68]
 304 0016 920B     		lsr	r2, r2, #14
 305 0018 9203     		lsl	r2, r2, #14
 306 001a 5A64     		str	r2, [r3, #68]
 307 001c 586C     		ldr	r0, [r3, #68]
 308 001e 164A     		ldr	r2, .L36+12
 309 0020 0240     		and	r2, r0
 310 0022 5A64     		str	r2, [r3, #68]
 311 0024 A223     		mov	r3, #162
 312 0026 5B00     		lsl	r3, r3, #1
 313 0028 EA5C     		ldrb	r2, [r5, r3]
 314 002a 4020     		mov	r0, #64
 315 002c 0243     		orr	r2, r0
 316 002e EA54     		strb	r2, [r5, r3]
 317 0030 0123     		mov	r3, #1
 318 0032 3370     		strb	r3, [r6]
 319              	.L32:
 320 0034 4827     		mov	r7, #72
 321 0036 FF37     		add	r7, r7, #255
 322 0038 EA5D     		ldrb	r2, [r5, r7]
 323 003a 0123     		mov	r3, #1
 324 003c 1340     		and	r3, r2
 325 003e 12D0     		beq	.L35
 326 0040 0B4B     		ldr	r3, .L36+4
 327 0042 5A6C     		ldr	r2, [r3, #68]
 328 0044 9204     		lsl	r2, r2, #18
 329 0046 920C     		lsr	r2, r2, #18
 330 0048 A242     		cmp	r2, r4
 331 004a 02D2     		bcs	.L34
 332 004c 5C6C     		ldr	r4, [r3, #68]
 333 004e A404     		lsl	r4, r4, #18
 334 0050 A40C     		lsr	r4, r4, #18
 335              	.L34:
 336 0052 081C     		mov	r0, r1
 337 0054 221C     		mov	r2, r4
 338 0056 0749     		ldr	r1, .L36+8
 339 0058 FFF7FEFF 		bl	memcpy
 340 005c 0123     		mov	r3, #1
 341 005e EB55     		strb	r3, [r5, r7]
 342 0060 0023     		mov	r3, #0
 343 0062 3370     		strb	r3, [r6]
 344 0064 00E0     		b	.L33
 345              	.L35:
 346 0066 1C1C     		mov	r4, r3
 347              	.L33:
 348 0068 201C     		mov	r0, r4
 349              		@ sp needed
 350 006a F8BD     		pop	{r3, r4, r5, r6, r7, pc}
 351              	.L37:
 352              		.align	2
 353              	.L36:
 354 006c 00000000 		.word	.LANCHOR0
 355 0070 00000000 		.word	usb_endpoint_table
 356 0074 40000000 		.word	udd_ep_out_cache_buffer+64
 357 0078 FF3F00F0 		.word	-268419073
 359              		.section	.text.USB_Read_blocking,"ax",%progbits
 360              		.align	1
 361              		.global	USB_Read_blocking
 362              		.code	16
 363              		.thumb_func
 365              	USB_Read_blocking:
 366 0000 031C     		mov	r3, r0
 367 0002 1448     		ldr	r0, .L45
 368 0004 70B5     		push	{r4, r5, r6, lr}
 369 0006 0478     		ldrb	r4, [r0]
 370 0008 002C     		cmp	r4, #0
 371 000a 07D0     		beq	.L39
 372 000c 4624     		mov	r4, #70
 373 000e FF34     		add	r4, r4, #255
 374 0010 1D5D     		ldrb	r5, [r3, r4]
 375 0012 4026     		mov	r6, #64
 376 0014 3543     		orr	r5, r6
 377 0016 1D55     		strb	r5, [r3, r4]
 378 0018 0024     		mov	r4, #0
 379 001a 0470     		strb	r4, [r0]
 380              	.L39:
 381 001c 0E4C     		ldr	r4, .L45+4
 382 001e 9004     		lsl	r0, r2, #18
 383 0020 2164     		str	r1, [r4, #64]
 384 0022 616C     		ldr	r1, [r4, #68]
 385 0024 0009     		lsr	r0, r0, #4
 386 0026 890B     		lsr	r1, r1, #14
 387 0028 8903     		lsl	r1, r1, #14
 388 002a 6164     		str	r1, [r4, #68]
 389 002c 656C     		ldr	r5, [r4, #68]
 390 002e 0B49     		ldr	r1, .L45+8
 391 0030 2940     		and	r1, r5
 392 0032 0143     		orr	r1, r0
 393 0034 6164     		str	r1, [r4, #68]
 394 0036 A221     		mov	r1, #162
 395 0038 4900     		lsl	r1, r1, #1
 396 003a 585C     		ldrb	r0, [r3, r1]
 397 003c 4024     		mov	r4, #64
 398 003e 2043     		orr	r0, r4
 399 0040 5854     		strb	r0, [r3, r1]
 400              	.L41:
 401 0042 4821     		mov	r1, #72
 402 0044 FF31     		add	r1, r1, #255
 403 0046 5C5C     		ldrb	r4, [r3, r1]
 404 0048 0120     		mov	r0, #1
 405 004a 0442     		tst	r4, r0
 406 004c F9D0     		beq	.L41
 407 004e 5854     		strb	r0, [r3, r1]
 408              		@ sp needed
 409 0050 101C     		mov	r0, r2
 410 0052 70BD     		pop	{r4, r5, r6, pc}
 411              	.L46:
 412              		.align	2
 413              	.L45:
 414 0054 00000000 		.word	.LANCHOR0
 415 0058 00000000 		.word	usb_endpoint_table
 416 005c FF3F00F0 		.word	-268419073
 418              		.section	.text.USB_SendStall,"ax",%progbits
 419              		.align	1
 420              		.global	USB_SendStall
 421              		.code	16
 422              		.thumb_func
 424              	USB_SendStall:
 425 0000 FF30     		add	r0, r0, #255
 426 0002 8379     		ldrb	r3, [r0, #6]
 427 0004 2022     		mov	r2, #32
 428 0006 0029     		cmp	r1, #0
 429 0008 00D1     		bne	.L50
 430 000a 1022     		mov	r2, #16
 431              	.L50:
 432 000c 1343     		orr	r3, r2
 433 000e 8371     		strb	r3, [r0, #6]
 434              		@ sp needed
 435 0010 7047     		bx	lr
 437              		.section	.text.USB_SendZlp,"ax",%progbits
 438              		.align	1
 439              		.global	USB_SendZlp
 440              		.code	16
 441              		.thumb_func
 443              	USB_SendZlp:
 444 0000 084B     		ldr	r3, .L54
 445 0002 FF30     		add	r0, r0, #255
 446 0004 5A69     		ldr	r2, [r3, #20]
 447 0006 920B     		lsr	r2, r2, #14
 448 0008 9203     		lsl	r2, r2, #14
 449 000a 5A61     		str	r2, [r3, #20]
 450 000c 0223     		mov	r3, #2
 451 000e 0372     		strb	r3, [r0, #8]
 452 0010 8279     		ldrb	r2, [r0, #6]
 453 0012 8023     		mov	r3, #128
 454 0014 5B42     		neg	r3, r3
 455 0016 1343     		orr	r3, r2
 456 0018 8371     		strb	r3, [r0, #6]
 457              	.L53:
 458 001a 037A     		ldrb	r3, [r0, #8]
 459 001c 9A07     		lsl	r2, r3, #30
 460 001e FCD5     		bpl	.L53
 461              		@ sp needed
 462 0020 7047     		bx	lr
 463              	.L55:
 464 0022 C046     		.align	2
 465              	.L54:
 466 0024 00000000 		.word	usb_endpoint_table
 468              		.section	.text.USB_SetAddress,"ax",%progbits
 469              		.align	1
 470              		.global	USB_SetAddress
 471              		.code	16
 472              		.thumb_func
 474              	USB_SetAddress:
 475 0000 8023     		mov	r3, #128
 476 0002 5B42     		neg	r3, r3
 477 0004 1943     		orr	r1, r3
 478 0006 C9B2     		uxtb	r1, r1
 479 0008 8172     		strb	r1, [r0, #10]
 480              		@ sp needed
 481 000a 7047     		bx	lr
 483              		.section	.text.USB_Configure,"ax",%progbits
 484              		.align	1
 485              		.global	USB_Configure
 486              		.code	16
 487              		.thumb_func
 489              	USB_Configure:
 490 0000 70B5     		push	{r4, r5, r6, lr}
 491 0002 A023     		mov	r3, #160
 492 0004 0322     		mov	r2, #3
 493 0006 5B00     		lsl	r3, r3, #1
 494 0008 C254     		strb	r2, [r0, r3]
 495 000a 134B     		ldr	r3, .L58
 496 000c 134A     		ldr	r2, .L58+4
 497 000e 5C6C     		ldr	r4, [r3, #68]
 498 0010 C021     		mov	r1, #192
 499 0012 1440     		and	r4, r2
 500 0014 8905     		lsl	r1, r1, #22
 501 0016 0C43     		orr	r4, r1
 502 0018 4625     		mov	r5, #70
 503 001a 5C64     		str	r4, [r3, #68]
 504 001c FF35     		add	r5, r5, #255
 505 001e 4024     		mov	r4, #64
 506 0020 4455     		strb	r4, [r0, r5]
 507 0022 0F4D     		ldr	r5, .L58+8
 508 0024 3026     		mov	r6, #48
 509 0026 1D64     		str	r5, [r3, #64]
 510 0028 9025     		mov	r5, #144
 511 002a 6D00     		lsl	r5, r5, #1
 512 002c 4655     		strb	r6, [r0, r5]
 513 002e 5D6B     		ldr	r5, [r3, #52]
 514              		@ sp needed
 515 0030 1540     		and	r5, r2
 516 0032 2943     		orr	r1, r5
 517 0034 9225     		mov	r5, #146
 518 0036 5963     		str	r1, [r3, #52]
 519 0038 6D00     		lsl	r5, r5, #1
 520 003a 8021     		mov	r1, #128
 521 003c 4155     		strb	r1, [r0, r5]
 522 003e 094D     		ldr	r5, .L58+12
 523 0040 1D63     		str	r5, [r3, #48]
 524 0042 B025     		mov	r5, #176
 525 0044 6D00     		lsl	r5, r5, #1
 526 0046 4455     		strb	r4, [r0, r5]
 527 0048 5C6F     		ldr	r4, [r3, #116]
 528 004a 2240     		and	r2, r4
 529 004c 5A67     		str	r2, [r3, #116]
 530 004e B223     		mov	r3, #178
 531 0050 5B00     		lsl	r3, r3, #1
 532 0052 C154     		strb	r1, [r0, r3]
 533 0054 70BD     		pop	{r4, r5, r6, pc}
 534              	.L59:
 535 0056 C046     		.align	2
 536              	.L58:
 537 0058 00000000 		.word	usb_endpoint_table
 538 005c FFFFFF8F 		.word	-1879048193
 539 0060 40000000 		.word	udd_ep_out_cache_buffer+64
 540 0064 40000000 		.word	udd_ep_in_cache_buffer+64
 542              		.comm	udd_ep_in_cache_buffer,128,4
 543              		.comm	udd_ep_out_cache_buffer,128,4
 544              		.comm	usb_endpoint_table,128,4
 545              		.section	.bss.read_job,"aw",%nobits
 546              		.set	.LANCHOR0,. + 0
 549              	read_job:
 550 0000 00       		.space	1
 551              		.ident	"GCC: (GNU Tools for ARM Embedded Processors) 4.8.3 20140228 (release) [ARM/embedded-4_8-br
DEFINED SYMBOLS
                            *ABS*:00000000 board_driver_usb.c
C:\cygwin\tmp\cc40SKk6.s:15     .text.USB_IsConfigured:00000000 $t
C:\cygwin\tmp\cc40SKk6.s:20     .text.USB_IsConfigured:00000000 USB_IsConfigured
C:\cygwin\tmp\cc40SKk6.s:82     .text.USB_IsConfigured:00000070 $d
                            *COM*:00000080 usb_endpoint_table
                            *COM*:00000080 udd_ep_out_cache_buffer
                            *COM*:00000080 udd_ep_in_cache_buffer
C:\cygwin\tmp\cc40SKk6.s:89     .text.USB_Open:00000000 $t
C:\cygwin\tmp\cc40SKk6.s:94     .text.USB_Open:00000000 USB_Open
C:\cygwin\tmp\cc40SKk6.s:110    .text.USB_Open:00000018 $d
C:\cygwin\tmp\cc40SKk6.s:113    .text.USB_Init:00000000 $t
C:\cygwin\tmp\cc40SKk6.s:118    .text.USB_Init:00000000 USB_Init
C:\cygwin\tmp\cc40SKk6.s:194    .text.USB_Init:00000090 $d
C:\cygwin\tmp\cc40SKk6.s:204    .text.USB_Write:00000000 $t
C:\cygwin\tmp\cc40SKk6.s:209    .text.USB_Write:00000000 USB_Write
C:\cygwin\tmp\cc40SKk6.s:282    .text.USB_Write:00000084 $d
C:\cygwin\tmp\cc40SKk6.s:287    .text.USB_Read:00000000 $t
C:\cygwin\tmp\cc40SKk6.s:292    .text.USB_Read:00000000 USB_Read
C:\cygwin\tmp\cc40SKk6.s:354    .text.USB_Read:0000006c $d
C:\cygwin\tmp\cc40SKk6.s:360    .text.USB_Read_blocking:00000000 $t
C:\cygwin\tmp\cc40SKk6.s:365    .text.USB_Read_blocking:00000000 USB_Read_blocking
C:\cygwin\tmp\cc40SKk6.s:414    .text.USB_Read_blocking:00000054 $d
C:\cygwin\tmp\cc40SKk6.s:419    .text.USB_SendStall:00000000 $t
C:\cygwin\tmp\cc40SKk6.s:424    .text.USB_SendStall:00000000 USB_SendStall
C:\cygwin\tmp\cc40SKk6.s:438    .text.USB_SendZlp:00000000 $t
C:\cygwin\tmp\cc40SKk6.s:443    .text.USB_SendZlp:00000000 USB_SendZlp
C:\cygwin\tmp\cc40SKk6.s:466    .text.USB_SendZlp:00000024 $d
C:\cygwin\tmp\cc40SKk6.s:469    .text.USB_SetAddress:00000000 $t
C:\cygwin\tmp\cc40SKk6.s:474    .text.USB_SetAddress:00000000 USB_SetAddress
C:\cygwin\tmp\cc40SKk6.s:484    .text.USB_Configure:00000000 $t
C:\cygwin\tmp\cc40SKk6.s:489    .text.USB_Configure:00000000 USB_Configure
C:\cygwin\tmp\cc40SKk6.s:537    .text.USB_Configure:00000058 $d
C:\cygwin\tmp\cc40SKk6.s:549    .bss.read_job:00000000 read_job
C:\cygwin\tmp\cc40SKk6.s:550    .bss.read_job:00000000 $d

UNDEFINED SYMBOLS
sam_ba_usb_CDC_Enumerate
pinMux
waitForSync
memset
memcpy
