   1              		.cpu cortex-m0plus
   2              		.fpu softvfp
   3              		.eabi_attribute 20, 1
   4              		.eabi_attribute 21, 1
   5              		.eabi_attribute 23, 3
   6              		.eabi_attribute 24, 1
   7              		.eabi_attribute 25, 1
   8              		.eabi_attribute 26, 1
   9              		.eabi_attribute 30, 4
  10              		.eabi_attribute 34, 0
  11              		.eabi_attribute 18, 4
  12              		.code	16
  13              		.file	"board_init.c"
  14              		.section	.text.waitForDFLL,"ax",%progbits
  15              		.align	1
  16              		.global	waitForDFLL
  17              		.code	16
  18              		.thumb_func
  20              	waitForDFLL:
  21              	.L3:
  22 0000 024B     		ldr	r3, .L5
  23 0002 DB68     		ldr	r3, [r3, #12]
  24 0004 DA06     		lsl	r2, r3, #27
  25 0006 FBD5     		bpl	.L3
  26              		@ sp needed
  27 0008 7047     		bx	lr
  28              	.L6:
  29 000a C046     		.align	2
  30              	.L5:
  31 000c 00080040 		.word	1073743872
  33              		.section	.text.board_init,"ax",%progbits
  34              		.align	1
  35              		.global	board_init
  36              		.code	16
  37              		.thumb_func
  39              	board_init:
  40 0000 F8B5     		push	{r3, r4, r5, r6, r7, lr}
  41 0002 294B     		ldr	r3, .L13
  42 0004 8021     		mov	r1, #128
  43 0006 5A68     		ldr	r2, [r3, #4]
  44 0008 284F     		ldr	r7, .L13+4
  45 000a 0A43     		orr	r2, r1
  46 000c 5A60     		str	r2, [r3, #4]
  47 000e 5A68     		ldr	r2, [r3, #4]
  48 0010 1E21     		mov	r1, #30
  49 0012 8A43     		bic	r2, r1
  50 0014 0221     		mov	r1, #2
  51 0016 0A43     		orr	r2, r1
  52 0018 5A60     		str	r2, [r3, #4]
  53 001a BB69     		ldr	r3, [r7, #24]
  54 001c 0822     		mov	r2, #8
  55 001e 1343     		orr	r3, r2
  56 0020 234E     		ldr	r6, .L13+8
  57 0022 BB61     		str	r3, [r7, #24]
  58 0024 0123     		mov	r3, #1
  59 0026 3370     		strb	r3, [r6]
  60              	.L9:
  61 0028 3378     		ldrb	r3, [r6]
  62 002a DA07     		lsl	r2, r3, #31
  63 002c 04D5     		bpl	.L8
  64 002e 204B     		ldr	r3, .L13+8
  65 0030 5B78     		ldrb	r3, [r3, #1]
  66 0032 5BB2     		sxtb	r3, r3
  67 0034 002B     		cmp	r3, #0
  68 0036 F7DB     		blt	.L9
  69              	.L8:
  70 0038 1E4C     		ldr	r4, .L13+12
  71 003a 8022     		mov	r2, #128
  72 003c A38C     		ldrh	r3, [r4, #36]
  73 003e 0025     		mov	r5, #0
  74 0040 9343     		bic	r3, r2
  75 0042 A384     		strh	r3, [r4, #36]
  76 0044 FFF7FEFF 		bl	waitForDFLL
  77 0048 1B4B     		ldr	r3, .L13+16
  78              		@ sp needed
  79 004a 1A68     		ldr	r2, [r3]
  80 004c 8023     		mov	r3, #128
  81 004e 920E     		lsr	r2, r2, #26
  82 0050 9202     		lsl	r2, r2, #10
  83 0052 9B00     		lsl	r3, r3, #2
  84 0054 1343     		orr	r3, r2
  85 0056 A362     		str	r3, [r4, #40]
  86 0058 184B     		ldr	r3, .L13+20
  87 005a E362     		str	r3, [r4, #44]
  88 005c 9223     		mov	r3, #146
  89 005e 5B00     		lsl	r3, r3, #1
  90 0060 A384     		strh	r3, [r4, #36]
  91 0062 FFF7FEFF 		bl	waitForDFLL
  92 0066 A38C     		ldrh	r3, [r4, #36]
  93 0068 0222     		mov	r2, #2
  94 006a 1343     		orr	r3, r2
  95 006c A384     		strh	r3, [r4, #36]
  96 006e FFF7FEFF 		bl	waitForDFLL
  97 0072 B560     		str	r5, [r6, #8]
  98 0074 FFF7FEFF 		bl	waitForSync
  99 0078 114B     		ldr	r3, .L13+24
 100 007a 7360     		str	r3, [r6, #4]
 101 007c FFF7FEFF 		bl	waitForSync
 102 0080 226A     		ldr	r2, [r4, #32]
 103 0082 104B     		ldr	r3, .L13+28
 104 0084 1340     		and	r3, r2
 105 0086 2362     		str	r3, [r4, #32]
 106 0088 0323     		mov	r3, #3
 107 008a B360     		str	r3, [r6, #8]
 108 008c FFF7FEFF 		bl	waitForSync
 109 0090 0D4B     		ldr	r3, .L13+32
 110 0092 7360     		str	r3, [r6, #4]
 111 0094 FFF7FEFF 		bl	waitForSync
 112 0098 0C4A     		ldr	r2, .L13+36
 113 009a 0D4B     		ldr	r3, .L13+40
 114 009c 1A60     		str	r2, [r3]
 115 009e 3D72     		strb	r5, [r7, #8]
 116 00a0 7D72     		strb	r5, [r7, #9]
 117 00a2 BD72     		strb	r5, [r7, #10]
 118 00a4 FD72     		strb	r5, [r7, #11]
 119 00a6 F8BD     		pop	{r3, r4, r5, r6, r7, pc}
 120              	.L14:
 121              		.align	2
 122              	.L13:
 123 00a8 00400041 		.word	1090535424
 124 00ac 00040040 		.word	1073742848
 125 00b0 000C0040 		.word	1073744896
 126 00b4 00080040 		.word	1073743872
 127 00b8 24608000 		.word	8413220
 128 00bc 80BB0A7C 		.word	2081078144
 129 00c0 00070300 		.word	198400
 130 00c4 FFFCFFFF 		.word	-769
 131 00c8 03060100 		.word	67075
 132 00cc 006CDC02 		.word	48000000
 133 00d0 00000000 		.word	SystemCoreClock
 135              		.ident	"GCC: (GNU Tools for ARM Embedded Processors) 4.8.3 20140228 (release) [ARM/embedded-4_8-br
DEFINED SYMBOLS
                            *ABS*:00000000 board_init.c
C:\cygwin\tmp\cc39gtBU.s:15     .text.waitForDFLL:00000000 $t
C:\cygwin\tmp\cc39gtBU.s:20     .text.waitForDFLL:00000000 waitForDFLL
C:\cygwin\tmp\cc39gtBU.s:31     .text.waitForDFLL:0000000c $d
C:\cygwin\tmp\cc39gtBU.s:34     .text.board_init:00000000 $t
C:\cygwin\tmp\cc39gtBU.s:39     .text.board_init:00000000 board_init
C:\cygwin\tmp\cc39gtBU.s:123    .text.board_init:000000a8 $d

UNDEFINED SYMBOLS
waitForSync
SystemCoreClock
