   1              		.cpu cortex-m0plus
   2              		.fpu softvfp
   3              		.eabi_attribute 20, 1
   4              		.eabi_attribute 21, 1
   5              		.eabi_attribute 23, 3
   6              		.eabi_attribute 24, 1
   7              		.eabi_attribute 25, 1
   8              		.eabi_attribute 26, 1
   9              		.eabi_attribute 30, 4
  10              		.eabi_attribute 34, 0
  11              		.eabi_attribute 18, 4
  12              		.code	16
  13              		.file	"main.c"
  14              		.section	.text.startup.main,"ax",%progbits
  15              		.align	1
  16              		.global	main
  17              		.code	16
  18              		.thumb_func
  20              	main:
  21 0000 F8B5     		push	{r3, r4, r5, r6, r7, lr}
  22 0002 284D     		ldr	r5, .L17
  23 0004 284E     		ldr	r6, .L17+4
  24 0006 2A68     		ldr	r2, [r5]
  25 0008 0132     		add	r2, r2, #1
  26 000a 1FD0     		beq	.L2
  27 000c EBB2     		uxtb	r3, r5
  28 000e 002B     		cmp	r3, #0
  29 0010 1CD1     		bne	.L2
  30 0012 264A     		ldr	r2, .L17+8
  31 0014 264C     		ldr	r4, .L17+12
  32 0016 1778     		ldrb	r7, [r2]
  33 0018 0122     		mov	r2, #1
  34 001a 1740     		and	r7, r2
  35 001c 01D0     		beq	.L3
  36 001e 2360     		str	r3, [r4]
  37 0020 0AE0     		b	.L4
  38              	.L3:
  39 0022 2268     		ldr	r2, [r4]
  40 0024 234B     		ldr	r3, .L17+16
  41 0026 9A42     		cmp	r2, r3
  42 0028 01D1     		bne	.L5
  43 002a 2760     		str	r7, [r4]
  44 002c 0EE0     		b	.L2
  45              	.L5:
  46 002e 2360     		str	r3, [r4]
  47 0030 2148     		ldr	r0, .L17+20
  48 0032 FFF7FEFF 		bl	delayUs
  49 0036 2760     		str	r7, [r4]
  50              	.L4:
  51 0038 1A4A     		ldr	r2, .L17
  52 003a 1368     		ldr	r3, [r2]
  53              	@ 190 "C:\Users\pvalleau\AppData\Local/Arduino15/packages/arduino/tools/CMSIS/4.5.0/CMSIS/Include/c
  54 003c 83F30888 		MSR msp, r3
  55              	
  56              	@ 0 "" 2
  57              		.code	16
  58 0040 FF23     		mov	r3, #255
  59 0042 9D43     		bic	r5, r3
  60 0044 174B     		ldr	r3, .L17
  61 0046 B560     		str	r5, [r6, #8]
  62 0048 5B68     		ldr	r3, [r3, #4]
  63              	@ 140 "main.c" 1
  64 004a 1847     		bx r3
  65              	@ 0 "" 2
  66              		.code	16
  67              	.L2:
  68 004c FFF7FEFF 		bl	board_init
  69              	@ 60 "C:\Users\pvalleau\AppData\Local/Arduino15/packages/arduino/tools/CMSIS/4.5.0/CMSIS/Include/cm
  70 0050 62B6     		cpsie i
  71              	@ 0 "" 2
  72              		.code	16
  73 0052 1A4B     		ldr	r3, .L17+24
  74 0054 0424     		mov	r4, #4
  75 0056 1C60     		str	r4, [r3]
  76 0058 194B     		ldr	r3, .L17+28
  77 005a 1A4A     		ldr	r2, .L17+32
  78 005c 1C60     		str	r4, [r3]
  79 005e 1A4B     		ldr	r3, .L17+36
  80 0060 5A60     		str	r2, [r3, #4]
  81 0062 316A     		ldr	r1, [r6, #32]
  82 0064 C022     		mov	r2, #192
  83 0066 0902     		lsl	r1, r1, #8
  84 0068 090A     		lsr	r1, r1, #8
  85 006a 1206     		lsl	r2, r2, #24
  86 006c 0A43     		orr	r2, r1
  87 006e 3262     		str	r2, [r6, #32]
  88 0070 0022     		mov	r2, #0
  89 0072 9A60     		str	r2, [r3, #8]
  90 0074 0722     		mov	r2, #7
  91 0076 1A60     		str	r2, [r3]
  92 0078 FFF7FEFF 		bl	usb_init
  93 007c 134B     		ldr	r3, .L17+40
  94 007e 051C     		mov	r5, r0
  95 0080 1C70     		strb	r4, [r3]
  96              	.L8:
  97 0082 AB68     		ldr	r3, [r5, #8]
  98 0084 281C     		mov	r0, r5
  99 0086 9847     		blx	r3
 100 0088 114B     		ldr	r3, .L17+44
 101 008a 0028     		cmp	r0, #0
 102 008c 01D0     		beq	.L6
 103 008e 0122     		mov	r2, #1
 104 0090 1A70     		strb	r2, [r3]
 105              	.L6:
 106 0092 1B78     		ldrb	r3, [r3]
 107 0094 002B     		cmp	r3, #0
 108 0096 F4D0     		beq	.L8
 109 0098 0020     		mov	r0, #0
 110 009a FFF7FEFF 		bl	sam_ba_monitor_init
 111              	.L9:
 112 009e FFF7FEFF 		bl	sam_ba_monitor_run
 113 00a2 FCE7     		b	.L9
 114              	.L18:
 115              		.align	2
 116              	.L17:
 117 00a4 00000000 		.word	__sketch_vectors_ptr
 118 00a8 00ED00E0 		.word	-536810240
 119 00ac 38040040 		.word	1073742904
 120 00b0 FC7F0020 		.word	536903676
 121 00b4 35817307 		.word	125010229
 122 00b8 20A10700 		.word	500000
 123 00bc 88440041 		.word	1090536584
 124 00c0 94440041 		.word	1090536596
 125 00c4 BF030000 		.word	959
 126 00c8 10E000E0 		.word	-536813552
 127 00cc 00000000 		.word	ledDirection
 128 00d0 00000000 		.word	.LANCHOR0
 130              		.section	.text.SysTick_Handler,"ax",%progbits
 131              		.align	1
 132              		.global	SysTick_Handler
 133              		.code	16
 134              		.thumb_func
 136              	SysTick_Handler:
 137 0000 08B5     		push	{r3, lr}
 138 0002 FFF7FEFF 		bl	LED_pulse
 139              		@ sp needed
 140 0006 FFF7FEFF 		bl	sam_ba_monitor_sys_tick
 141 000a 08BD     		pop	{r3, pc}
 143              		.section	.bss.main_b_cdc_enable,"aw",%nobits
 144              		.set	.LANCHOR0,. + 0
 147              	main_b_cdc_enable:
 148 0000 00       		.space	1
 149              		.ident	"GCC: (GNU Tools for ARM Embedded Processors) 4.8.3 20140228 (release) [ARM/embedded-4_8-br
DEFINED SYMBOLS
                            *ABS*:00000000 main.c
C:\cygwin\tmp\cccYO4DO.s:15     .text.startup.main:00000000 $t
C:\cygwin\tmp\cccYO4DO.s:20     .text.startup.main:00000000 main
C:\cygwin\tmp\cccYO4DO.s:117    .text.startup.main:000000a4 $d
C:\cygwin\tmp\cccYO4DO.s:131    .text.SysTick_Handler:00000000 $t
C:\cygwin\tmp\cccYO4DO.s:136    .text.SysTick_Handler:00000000 SysTick_Handler
C:\cygwin\tmp\cccYO4DO.s:147    .bss.main_b_cdc_enable:00000000 main_b_cdc_enable
C:\cygwin\tmp\cccYO4DO.s:148    .bss.main_b_cdc_enable:00000000 $d

UNDEFINED SYMBOLS
delayUs
board_init
usb_init
sam_ba_monitor_init
sam_ba_monitor_run
__sketch_vectors_ptr
ledDirection
LED_pulse
sam_ba_monitor_sys_tick
