   1              		.cpu cortex-m0plus
   2              		.fpu softvfp
   3              		.eabi_attribute 20, 1
   4              		.eabi_attribute 21, 1
   5              		.eabi_attribute 23, 3
   6              		.eabi_attribute 24, 1
   7              		.eabi_attribute 25, 1
   8              		.eabi_attribute 26, 1
   9              		.eabi_attribute 30, 4
  10              		.eabi_attribute 34, 0
  11              		.eabi_attribute 18, 4
  12              		.code	16
  13              		.file	"sdBootloader.c"
  14              		.section	.text.flashVerify,"ax",%progbits
  15              		.align	1
  16              		.global	flashVerify
  17              		.code	16
  18              		.thumb_func
  20              	flashVerify:
  21 0000 37B5     		push	{r0, r1, r2, r4, r5, lr}
  22 0002 0020     		mov	r0, #0
  23 0004 FFF7FEFF 		bl	pf_lseek
  24 0008 8024     		mov	r4, #128
  25 000a A401     		lsl	r4, r4, #6
  26              	.L6:
  27 000c 0C4D     		ldr	r5, .L13
  28 000e 01AA     		add	r2, sp, #4
  29 0010 281C     		mov	r0, r5
  30 0012 4021     		mov	r1, #64
  31 0014 FFF7FEFF 		bl	pf_read
  32 0018 019A     		ldr	r2, [sp, #4]
  33 001a 0023     		mov	r3, #0
  34 001c 002A     		cmp	r2, #0
  35 001e 08D0     		beq	.L2
  36              	.L3:
  37 0020 9342     		cmp	r3, r2
  38 0022 06D2     		bcs	.L2
  39 0024 E85C     		ldrb	r0, [r5, r3]
  40 0026 195D     		ldrb	r1, [r3, r4]
  41 0028 8842     		cmp	r0, r1
  42 002a 07D1     		bne	.L7
  43 002c 0133     		add	r3, r3, #1
  44 002e DBB2     		uxtb	r3, r3
  45 0030 F6E7     		b	.L3
  46              	.L2:
  47 0032 4034     		add	r4, r4, #64
  48 0034 002A     		cmp	r2, #0
  49 0036 E9D1     		bne	.L6
  50 0038 0120     		mov	r0, #1
  51 003a 00E0     		b	.L4
  52              	.L7:
  53 003c 0020     		mov	r0, #0
  54              	.L4:
  55              		@ sp needed
  56 003e 3EBD     		pop	{r1, r2, r3, r4, r5, pc}
  57              	.L14:
  58              		.align	2
  59              	.L13:
  60 0040 00000000 		.word	Buff
  62              		.section	.text.sdBootloader,"ax",%progbits
  63              		.align	1
  64              		.global	sdBootloader
  65              		.code	16
  66              		.thumb_func
  68              	sdBootloader:
  69 0000 37B5     		push	{r0, r1, r2, r4, r5, lr}
  70 0002 0128     		cmp	r0, #1
  71 0004 01D1     		bne	.L26
  72 0006 284C     		ldr	r4, .L33
  73 0008 00E0     		b	.L16
  74              	.L26:
  75 000a 284C     		ldr	r4, .L33+4
  76              	.L16:
  77 000c 2848     		ldr	r0, .L33+8
  78 000e FFF7FEFF 		bl	pf_mount
  79 0012 0028     		cmp	r0, #0
  80 0014 45D1     		bne	.L18
  81 0016 201C     		mov	r0, r4
  82 0018 FFF7FEFF 		bl	pf_open
  83 001c 0028     		cmp	r0, #0
  84 001e 40D1     		bne	.L18
  85 0020 FFF7FEFF 		bl	flashVerify
  86 0024 0028     		cmp	r0, #0
  87 0026 03D0     		beq	.L20
  88 0028 FA20     		mov	r0, #250
  89 002a 4000     		lsl	r0, r0, #1
  90 002c FFF7FEFF 		bl	LED_status
  91              	.L20:
  92 0030 0020     		mov	r0, #0
  93 0032 FFF7FEFF 		bl	pf_lseek
  94 0036 8020     		mov	r0, #128
  95 0038 8001     		lsl	r0, r0, #6
  96 003a FFF7FEFF 		bl	flashErase
  97 003e 8024     		mov	r4, #128
  98 0040 A401     		lsl	r4, r4, #6
  99              	.L24:
 100 0042 1C4D     		ldr	r5, .L33+12
 101 0044 FF21     		mov	r1, #255
 102 0046 4022     		mov	r2, #64
 103 0048 281C     		mov	r0, r5
 104 004a FFF7FEFF 		bl	memset
 105 004e 281C     		mov	r0, r5
 106 0050 4021     		mov	r1, #64
 107 0052 01AA     		add	r2, sp, #4
 108 0054 FFF7FEFF 		bl	pf_read
 109 0058 0198     		ldr	r0, [sp, #4]
 110 005a 0028     		cmp	r0, #0
 111 005c 0ED0     		beq	.L21
 112 005e 164B     		ldr	r3, .L33+16
 113 0060 9C42     		cmp	r4, r3
 114 0062 07D9     		bls	.L22
 115 0064 8020     		mov	r0, #128
 116 0066 8001     		lsl	r0, r0, #6
 117 0068 FFF7FEFF 		bl	flashErase
 118 006c 3F20     		mov	r0, #63
 119 006e FFF7FEFF 		bl	LED_status
 120 0072 03E0     		b	.L21
 121              	.L22:
 122 0074 291C     		mov	r1, r5
 123 0076 221C     		mov	r2, r4
 124 0078 FFF7FEFF 		bl	flashWrite
 125              	.L21:
 126 007c 019B     		ldr	r3, [sp, #4]
 127 007e 4034     		add	r4, r4, #64
 128 0080 002B     		cmp	r3, #0
 129 0082 DED1     		bne	.L24
 130 0084 FFF7FEFF 		bl	flashVerify
 131 0088 0028     		cmp	r0, #0
 132 008a 06D1     		bne	.L25
 133 008c 8020     		mov	r0, #128
 134 008e 8001     		lsl	r0, r0, #6
 135 0090 FFF7FEFF 		bl	flashErase
 136 0094 1F20     		mov	r0, #31
 137 0096 FFF7FEFF 		bl	LED_status
 138              	.L25:
 139 009a FA20     		mov	r0, #250
 140 009c 8000     		lsl	r0, r0, #2
 141 009e FFF7FEFF 		bl	LED_status
 142              	.L18:
 143 00a2 0320     		mov	r0, #3
 144              		@ sp needed
 145 00a4 3EBD     		pop	{r1, r2, r3, r4, r5, pc}
 146              	.L34:
 147 00a6 C046     		.align	2
 148              	.L33:
 149 00a8 00000000 		.word	.LANCHOR0
 150 00ac 00000000 		.word	.LANCHOR1
 151 00b0 00000000 		.word	Fatfs
 152 00b4 00000000 		.word	Buff
 153 00b8 FFFF0300 		.word	262143
 155              		.global	update2Bin
 156              		.global	updateBin
 157              		.comm	Buff,64,1
 158              		.comm	Fatfs,44,4
 159              		.section	.data.update2Bin,"aw",%progbits
 160              		.set	.LANCHOR1,. + 0
 163              	update2Bin:
 164 0000 55504441 		.ascii	"UPDATE2.BIN\000"
 164      5445322E 
 164      42494E00 
 165              		.section	.data.updateBin,"aw",%progbits
 166              		.set	.LANCHOR0,. + 0
 169              	updateBin:
 170 0000 55504441 		.ascii	"UPDATE.BIN\000"
 170      54452E42 
 170      494E00
 171              		.ident	"GCC: (GNU Tools for ARM Embedded Processors) 4.8.3 20140228 (release) [ARM/embedded-4_8-br
DEFINED SYMBOLS
                            *ABS*:00000000 sdBootloader.c
C:\cygwin\tmp\ccQFqCHg.s:15     .text.flashVerify:00000000 $t
C:\cygwin\tmp\ccQFqCHg.s:20     .text.flashVerify:00000000 flashVerify
C:\cygwin\tmp\ccQFqCHg.s:60     .text.flashVerify:00000040 $d
                            *COM*:00000040 Buff
C:\cygwin\tmp\ccQFqCHg.s:63     .text.sdBootloader:00000000 $t
C:\cygwin\tmp\ccQFqCHg.s:68     .text.sdBootloader:00000000 sdBootloader
C:\cygwin\tmp\ccQFqCHg.s:149    .text.sdBootloader:000000a8 $d
                            *COM*:0000002c Fatfs
C:\cygwin\tmp\ccQFqCHg.s:163    .data.update2Bin:00000000 update2Bin
C:\cygwin\tmp\ccQFqCHg.s:169    .data.updateBin:00000000 updateBin

UNDEFINED SYMBOLS
pf_lseek
pf_read
pf_mount
pf_open
LED_status
flashErase
memset
flashWrite
